2025-11-05 15:59:49,834 - INFO     - 
2025-11-05 15:59:49,834 - INFO     - FILE VERSION COMPARISON
2025-11-05 15:59:49,835 - INFO     - ----------------------------------------
2025-11-05 15:59:49,838 - INFO     - 📊 Version 1: 1274 characters
2025-11-05 15:59:49,839 - INFO     - 📊 Version 2: 1209 characters
2025-11-05 15:59:49,839 - INFO     - ✅ Comparison completed
2025-11-05 15:59:49,840 - INFO     -    Additions: 3
2025-11-05 15:59:49,840 - INFO     -    Deletions: 9
2025-11-05 15:59:49,840 - INFO     -    Total Changes: 12
2025-11-05 15:59:49,840 - INFO     - ======================================================================
2025-11-05 16:00:32,693 - INFO     - 
2025-11-05 16:00:32,693 - INFO     - FILE VERSION COMPARISON
2025-11-05 16:00:32,694 - INFO     - ----------------------------------------
2025-11-05 16:00:32,695 - INFO     - 📊 Version 1: 1312 characters
2025-11-05 16:00:32,695 - INFO     - 📊 Version 2: 1209 characters
2025-11-05 16:00:32,696 - INFO     - ✅ Comparison completed
2025-11-05 16:00:32,696 - INFO     -    Additions: 1
2025-11-05 16:00:32,696 - INFO     -    Deletions: 7
2025-11-05 16:00:32,696 - INFO     -    Total Changes: 8
2025-11-05 16:00:32,697 - INFO     - ======================================================================
2025-11-05 16:03:43,966 - INFO     - 
2025-11-05 16:03:43,967 - INFO     - FILE VERSION COMPARISON
2025-11-05 16:03:43,967 - INFO     - ----------------------------------------
2025-11-05 16:03:43,968 - INFO     - 📊 Version 1: 1312 characters
2025-11-05 16:03:43,968 - INFO     - 📊 Version 2: 1209 characters
2025-11-05 16:03:43,969 - INFO     - ✅ Comparison completed
2025-11-05 16:03:43,969 - INFO     -    Additions: 1
2025-11-05 16:03:43,969 - INFO     -    Deletions: 7
2025-11-05 16:03:43,969 - INFO     -    Total Changes: 8
2025-11-05 16:03:43,970 - INFO     - ======================================================================
2025-11-05 16:05:58,827 - INFO     - 
2025-11-05 16:05:58,827 - INFO     - FILE VERSION COMPARISON
2025-11-05 16:05:58,827 - INFO     - ----------------------------------------
2025-11-05 16:05:58,834 - INFO     - 📊 Version 1: 48149 characters
2025-11-05 16:05:58,835 - INFO     - 📊 Version 2: 47797 characters
2025-11-05 16:05:58,839 - INFO     - ✅ Comparison completed
2025-11-05 16:05:58,839 - INFO     -    Additions: 4
2025-11-05 16:05:58,839 - INFO     -    Deletions: 13
2025-11-05 16:05:58,839 - INFO     -    Total Changes: 17
2025-11-05 16:05:58,840 - INFO     - ======================================================================
